mode: set
github.com/north-fy/Material-Analytics3D/internal/repository/user/user_repository.go:3.72,11.2 2 1
github.com/north-fy/Material-Analytics3D/internal/repository/user/user_repository.go:13.54,14.22 1 1
github.com/north-fy/Material-Analytics3D/internal/repository/user/user_repository.go:14.22,16.3 1 1
github.com/north-fy/Material-Analytics3D/internal/repository/user/user_repository.go:18.2,18.28 1 1
github.com/north-fy/Material-Analytics3D/internal/repository/user/user_repository.go:18.28,20.3 1 1
github.com/north-fy/Material-Analytics3D/internal/repository/user/user_repository.go:22.2,22.12 1 1
github.com/north-fy/Material-Analytics3D/internal/repository/user/user_repository.go:25.52,27.2 1 0
github.com/north-fy/Material-Analytics3D/internal/repository/user/user_repository.go:29.56,30.24 1 1
github.com/north-fy/Material-Analytics3D/internal/repository/user/user_repository.go:30.24,32.3 1 1
github.com/north-fy/Material-Analytics3D/internal/repository/user/user_repository.go:34.2,34.14 1 1
